<?xml version="1.0" encoding="UTF-8"?>
<!-- Generated by org.testng.reporters.JUnitXMLReporter -->
<testsuite ignored="2" hostname="DESKTOP-IU8LP5K" failures="0" tests="2" name="Test" time="8.294" errors="0" timestamp="2025-03-20T23:52:39 IST">
  <testcase classname="com.orangehrm.test.LoginTest" name="loginWithValidUsernameAndPassword" time="3.093"/>
  <testcase classname="com.orangehrm.test.HomePageTest" name="logout" time="5.139"/>
  <testcase classname="com.orangehrm.test.BaseTest" name="@BeforeSuite initDriver" time="0.0">
    <ignored/>
  </testcase> <!-- @BeforeSuite initDriver -->
  <testcase classname="com.orangehrm.test.BaseTest" name="@AfterSuite closeDriver" time="0.0">
    <ignored/>
  </testcase> <!-- @AfterSuite closeDriver -->
</testsuite> <!-- Test -->
