<?xml version="1.0" encoding="UTF-8"?>
<!-- Generated by org.testng.reporters.JUnitXMLReporter -->
<testsuite ignored="2" hostname="DESKTOP-IU8LP5K" failures="0" tests="2" name="Test" time="21.299" errors="0" timestamp="2025-03-26T22:34:11 IST">
  <testcase classname="com.orangehrm.test.LoginTest" name="loginWithValidUsernameAndPassword" time="6.915"/>
  <testcase classname="com.orangehrm.test.HomePageTest" name="logout" time="14.321"/>
  <testcase classname="com.orangehrm.test.BaseTest" name="@AfterSuite closeDriver" time="0.0">
    <ignored/>
  </testcase> <!-- @AfterSuite closeDriver -->
  <testcase classname="com.orangehrm.test.BaseTest" name="@BeforeSuite initDriver" time="0.0">
    <ignored/>
  </testcase> <!-- @BeforeSuite initDriver -->
</testsuite> <!-- Test -->
