<?xml version="1.0" encoding="UTF-8"?>
<testng-results ignored="0" total="2" passed="2" failed="0" skipped="0">
  <reporter-output>
  </reporter-output>
  <suite started-at="2025-03-26T21:23:35 IST" name="Suite" finished-at="2025-03-26T21:23:46 IST" duration-ms="10612">
    <groups>
    </groups>
    <test started-at="2025-03-26T21:23:35 IST" name="Test" finished-at="2025-03-26T21:23:46 IST" duration-ms="10612">
      <class name="com.orangehrm.test.HomePageTest">
        <test-method signature="logout()[pri:0, instance:com.orangehrm.test.HomePageTest@5ffead27]" started-at="2025-03-26T21:23:41 IST" name="logout" finished-at="2025-03-26T21:23:46 IST" duration-ms="4501" status="PASS">
          <reporter-output>
          </reporter-output>
        </test-method> <!-- logout -->
      </class> <!-- com.orangehrm.test.HomePageTest -->
      <class name="com.orangehrm.test.LoginTest">
        <test-method is-config="true" signature="initDriver()[pri:0, instance:com.orangehrm.test.LoginTest@7c729a55]" started-at="2025-03-26T21:23:20 IST" name="initDriver" finished-at="2025-03-26T21:23:35 IST" duration-ms="14703" status="PASS">
          <reporter-output>
          </reporter-output>
        </test-method> <!-- initDriver -->
        <test-method signature="loginWithValidUsernameAndPassword()[pri:0, instance:com.orangehrm.test.LoginTest@7c729a55]" started-at="2025-03-26T21:23:35 IST" name="loginWithValidUsernameAndPassword" finished-at="2025-03-26T21:23:41 IST" duration-ms="6053" status="PASS">
          <reporter-output>
          </reporter-output>
        </test-method> <!-- loginWithValidUsernameAndPassword -->
        <test-method is-config="true" signature="closeDriver()[pri:0, instance:com.orangehrm.test.LoginTest@7c729a55]" started-at="2025-03-26T21:23:46 IST" name="closeDriver" finished-at="2025-03-26T21:23:46 IST" duration-ms="295" status="PASS">
          <reporter-output>
          </reporter-output>
        </test-method> <!-- closeDriver -->
      </class> <!-- com.orangehrm.test.LoginTest -->
    </test> <!-- Test -->
  </suite> <!-- Suite -->
</testng-results>
