<?xml version="1.0" encoding="UTF-8"?>
<testng-results ignored="0" total="2" passed="2" failed="0" skipped="0">
  <reporter-output>
  </reporter-output>
  <suite started-at="2025-03-20T23:52:31 IST" name="Suite" finished-at="2025-03-20T23:52:39 IST" duration-ms="8294">
    <groups>
    </groups>
    <test started-at="2025-03-20T23:52:31 IST" name="Test" finished-at="2025-03-20T23:52:39 IST" duration-ms="8294">
      <class name="com.orangehrm.test.HomePageTest">
        <test-method signature="logout()[pri:0, instance:com.orangehrm.test.HomePageTest@74235045]" started-at="2025-03-20T23:52:34 IST" name="logout" finished-at="2025-03-20T23:52:39 IST" duration-ms="5139" status="PASS">
          <reporter-output>
          </reporter-output>
        </test-method> <!-- logout -->
      </class> <!-- com.orangehrm.test.HomePageTest -->
      <class name="com.orangehrm.test.LoginTest">
        <test-method is-config="true" signature="initDriver()[pri:0, instance:com.orangehrm.test.LoginTest@41d477ed]" started-at="2025-03-20T23:52:23 IST" name="initDriver" finished-at="2025-03-20T23:52:31 IST" duration-ms="7791" status="PASS">
          <reporter-output>
          </reporter-output>
        </test-method> <!-- initDriver -->
        <test-method signature="loginWithValidUsernameAndPassword()[pri:0, instance:com.orangehrm.test.LoginTest@41d477ed]" started-at="2025-03-20T23:52:31 IST" name="loginWithValidUsernameAndPassword" finished-at="2025-03-20T23:52:34 IST" duration-ms="3093" status="PASS">
          <reporter-output>
          </reporter-output>
        </test-method> <!-- loginWithValidUsernameAndPassword -->
        <test-method is-config="true" signature="closeDriver()[pri:0, instance:com.orangehrm.test.LoginTest@41d477ed]" started-at="2025-03-20T23:52:39 IST" name="closeDriver" finished-at="2025-03-20T23:52:40 IST" duration-ms="365" status="PASS">
          <reporter-output>
          </reporter-output>
        </test-method> <!-- closeDriver -->
      </class> <!-- com.orangehrm.test.LoginTest -->
    </test> <!-- Test -->
  </suite> <!-- Suite -->
</testng-results>
